
> hiringkit-app@0.1.0 build
> next build

 ⚠ Warning: Found multiple lockfiles. Selecting /home/lucast/package-lock.json.
   Consider removing the lockfiles at:
   * /home/lucast/projects/hiringkit/package-lock.json

   ▲ Next.js 15.4.6
   - Environments: .env.local

   Creating an optimized production build ...
 ✓ Compiled successfully in 6.0s
   Linting and checking validity of types ...
Failed to compile.

./lib/pdf/pdfshift.ts:30:28
Type error: Expected 0 arguments, but got 1.

[0m [90m 28 |[39m     })[33m;[39m
 [90m 29 |[39m     
[31m[1m>[22m[39m[90m 30 |[39m     [36mreturn[39m generateMockPDF(html)[33m;[39m
 [90m    |[39m                            [31m[1m^[22m[39m
 [90m 31 |[39m   }
 [90m 32 |[39m
 [90m 33 |[39m   [36mconst[39m apiKey [33m=[39m env[33m.[39m[33mPDFSHIFT_API_KEY[39m[33m;[39m[0m
Next.js build worker exited with code: 1 and signal: null
