
> hiringkit-app@0.1.0 build
> next build

 ⚠ Warning: Found multiple lockfiles. Selecting /home/lucast/package-lock.json.
   Consider removing the lockfiles at:
   * /home/lucast/projects/hiringkit/package-lock.json

   ▲ Next.js 15.4.6
   - Environments: .env.local

   Creating an optimized production build ...
 ✓ Compiled successfully in 4.0s
   Linting and checking validity of types ...
   Collecting page data ...
   Generating static pages (0/7) ...
   Generating static pages (1/7) 
   Generating static pages (3/7) 
   Generating static pages (5/7) 
 ✓ Generating static pages (7/7)
   Finalizing page optimization ...
   Collecting build traces ...

Route (app)                                   Size  First Load JS
┌ ○ /                                         6 kB         113 kB
├ ○ /_not-found                              989 B         101 kB
├ ○ /admin                                 3.46 kB         110 kB
├ ƒ /api/admin/kits/[id]/approve             145 B        99.7 kB
├ ƒ /api/admin/orders                        145 B        99.7 kB
├ ƒ /api/checkout                            145 B        99.7 kB
├ ƒ /api/download/mock/[kitId]/[filename]    145 B        99.7 kB
├ ƒ /api/jobs/[jobId]/status                 145 B        99.7 kB
├ ƒ /api/kits/[id]/export                    145 B        99.7 kB
├ ƒ /api/kits/generate                       145 B        99.7 kB
├ ƒ /api/orders/[kitId]/status               145 B        99.7 kB
├ ƒ /api/stripe/webhook                      145 B        99.7 kB
├ ○ /kit                                   8.77 kB         116 kB
├ ƒ /kit/[id]/checkout                      4.2 kB         111 kB
└ ƒ /kit/[id]/success                      3.66 kB         111 kB
+ First Load JS shared by all              99.6 kB
  ├ chunks/4bd1b696-cf72ae8a39fa05aa.js    54.1 kB
  ├ chunks/964-7a34cadcb7695cec.js         43.5 kB
  └ other shared chunks (total)            1.92 kB


ƒ Middleware                               70.3 kB

○  (Static)   prerendered as static content
ƒ  (Dynamic)  server-rendered on demand

